[2026-04-13T10:31:33.864Z] GET http://localhost:8742/index.html → 200 (7ms, 11216B)
[2026-04-13T10:31:33.875Z] GET https://fonts.googleapis.com/css2?family=Cormorant+Garamond:ital,wght@0,300;0,400;1,300;1,400&family=Noto+Serif+KR:wght@200;300;400&display=swap → 200 (165ms, 292788B)
[2026-04-13T10:31:34.197Z] GET https://fonts.gstatic.com/s/notoserifkr/v31/3Jn7SDn90Gmq2mr3blnHaTZXRudj1Q.woff2 → 200 (186ms, 34744B)
[2026-04-13T10:31:34.197Z] GET https://fonts.gstatic.com/s/cormorantgaramond/v21/co3ZmX5slCNuHLi8bLeY9MK7whWMhyjYrEtImSo.woff2 → 200 (238ms, 39260B)
[2026-04-13T10:31:34.197Z] GET https://fonts.gstatic.com/s/notoserifkr/v31/3Jn7SDn90Gmq2mr3blnHaTZXduUBwuF9Wxop-KlAZIoTrf6uFZh_9Q.111.woff2 → 200 (208ms, 42488B)
[2026-04-13T10:31:34.197Z] GET https://fonts.gstatic.com/s/notoserifkr/v31/3Jn7SDn90Gmq2mr3blnHaTZXduUBwuF9Wxop-KlAZIoTrf6uFZh_9Q.118.woff2 → 200 (299ms, 31068B)
[2026-04-13T10:31:34.197Z] GET https://fonts.gstatic.com/s/notoserifkr/v31/3Jn7SDn90Gmq2mr3blnHaTZXduUBwuF9Wxop-KlAZIoTrf6uFZh_9Q.119.woff2 → 200 (218ms, 23920B)
[2026-04-13T10:31:34.197Z] GET https://fonts.gstatic.com/s/notoserifkr/v31/3Jn7SDn90Gmq2mr3blnHaTZXduUBwuF9Wxop-KlAZIoTrf6uFZh_9Q.117.woff2 → 200 (308ms, 36464B)
[2026-04-13T10:31:34.197Z] GET https://fonts.gstatic.com/s/notoserifkr/v31/3Jn7SDn90Gmq2mr3blnHaTZXduUBwuF9Wxop-KlAZIoTrf6uFZh_9Q.116.woff2 → 200 (303ms, 39000B)
[2026-04-13T10:31:34.198Z] GET https://fonts.gstatic.com/s/notoserifkr/v31/3Jn7SDn90Gmq2mr3blnHaTZXduUBwuF9Wxop-KlAZIoTrf6uFZh_9Q.115.woff2 → 200 (304ms, 38664B)
[2026-04-13T10:31:34.198Z] GET https://fonts.gstatic.com/s/notoserifkr/v31/3Jn7SDn90Gmq2mr3blnHaTZXduUBwuF9Wxop-KlAZIoTrf6uFZh_9Q.114.woff2 → 200 (277ms, 40148B)
[2026-04-13T10:31:34.198Z] GET https://fonts.gstatic.com/s/notoserifkr/v31/3Jn7SDn90Gmq2mr3blnHaTZXduUBwuF9Wxop-KlAZIoTrf6uFZh_9Q.107.woff2 → 200 (270ms, 42136B)
[2026-04-13T10:31:34.198Z] GET https://fonts.gstatic.com/s/notoserifkr/v31/3Jn7SDn90Gmq2mr3blnHaTZXduUBwuF9Wxop-KlAZIoTrf6uFZh_9Q.113.woff2 → 200 (266ms, 41580B)
[2026-04-13T10:31:34.199Z] GET https://fonts.gstatic.com/s/notoserifkr/v31/3Jn7SDn90Gmq2mr3blnHaTZXduUBwuF9Wxop-KlAZIoTrf6uFZh_9Q.112.woff2 → 200 (251ms, 41108B)
[2026-04-13T10:31:34.199Z] GET http://localhost:8742/src/KakaoTalk_20260411_190926437_04.jpg → 200 (11ms, 1714666B)
[2026-04-13T10:31:34.199Z] GET http://localhost:8742/src/KakaoTalk_20260411_190926437_07.jpg → 200 (12ms, 1096229B)
[2026-04-13T10:31:34.199Z] GET http://localhost:8742/src/KakaoTalk_20260411_190926437_10.jpg → 200 (13ms, 2342435B)
[2026-04-13T10:31:34.199Z] GET http://localhost:8742/src/KakaoTalk_20260411_190926437_21.jpg → 200 (13ms, 1917221B)
[2026-04-13T10:31:36.874Z] GET http://localhost:8742/letter.html → 200 (3ms, 10273B)
[2026-04-13T10:31:36.881Z] GET https://fonts.googleapis.com/css2?family=Cormorant+Garamond:ital,wght@0,300;1,300&family=Noto+Serif+KR:wght@200;300;400&display=swap → 200 (93ms, 288912B)
[2026-04-13T10:31:37.039Z] GET https://fonts.gstatic.com/s/notoserifkr/v31/3Jn7SDn90Gmq2mr3blnHaTZXduUBwuF9Wxop-KlAZIoTrf6uFZh_9Q.107.woff2 → 200 (?ms, ?B)
[2026-04-13T10:31:37.039Z] GET https://fonts.gstatic.com/s/notoserifkr/v31/3Jn7SDn90Gmq2mr3blnHaTZXduUBwuF9Wxop-KlAZIoTrf6uFZh_9Q.111.woff2 → 200 (?ms, ?B)
[2026-04-13T10:31:37.044Z] GET https://fonts.gstatic.com/s/notoserifkr/v31/3Jn7SDn90Gmq2mr3blnHaTZXduUBwuF9Wxop-KlAZIoTrf6uFZh_9Q.112.woff2 → 200 (?ms, ?B)
[2026-04-13T10:31:37.044Z] GET https://fonts.gstatic.com/s/notoserifkr/v31/3Jn7SDn90Gmq2mr3blnHaTZXduUBwuF9Wxop-KlAZIoTrf6uFZh_9Q.113.woff2 → 200 (?ms, ?B)
[2026-04-13T10:31:37.044Z] GET https://fonts.gstatic.com/s/notoserifkr/v31/3Jn7SDn90Gmq2mr3blnHaTZXduUBwuF9Wxop-KlAZIoTrf6uFZh_9Q.114.woff2 → 200 (?ms, ?B)
[2026-04-13T10:31:37.045Z] GET https://fonts.gstatic.com/s/notoserifkr/v31/3Jn7SDn90Gmq2mr3blnHaTZXduUBwuF9Wxop-KlAZIoTrf6uFZh_9Q.115.woff2 → 200 (?ms, ?B)
[2026-04-13T10:31:37.045Z] GET https://fonts.gstatic.com/s/notoserifkr/v31/3Jn7SDn90Gmq2mr3blnHaTZXduUBwuF9Wxop-KlAZIoTrf6uFZh_9Q.116.woff2 → 200 (?ms, ?B)
[2026-04-13T10:31:37.045Z] GET https://fonts.gstatic.com/s/notoserifkr/v31/3Jn7SDn90Gmq2mr3blnHaTZXduUBwuF9Wxop-KlAZIoTrf6uFZh_9Q.117.woff2 → 200 (?ms, ?B)
[2026-04-13T10:31:37.045Z] GET https://fonts.gstatic.com/s/notoserifkr/v31/3Jn7SDn90Gmq2mr3blnHaTZXduUBwuF9Wxop-KlAZIoTrf6uFZh_9Q.118.woff2 → 200 (?ms, ?B)
[2026-04-13T10:31:37.046Z] GET https://fonts.gstatic.com/s/notoserifkr/v31/3Jn7SDn90Gmq2mr3blnHaTZXduUBwuF9Wxop-KlAZIoTrf6uFZh_9Q.119.woff2 → 200 (?ms, ?B)
[2026-04-13T10:31:37.046Z] GET https://fonts.gstatic.com/s/notoserifkr/v31/3Jn7SDn90Gmq2mr3blnHaTZXRudj1Q.woff2 → 200 (?ms, ?B)
[2026-04-13T10:31:37.046Z] GET https://fonts.gstatic.com/s/cormorantgaramond/v21/co3smX5slCNuHLi8bLeY9MK7whWMhyjYrGFEsdtdc62E6zd5rDD-iNM8.woff2 → 200 (44ms, 22484B)
